2020-11-09T07:37:34.939Z INFO  14252    - fmwk.bll.base.dm     - LoadPluginInfo Model/stcAccessCore.processed.xml
2020-11-09T07:37:34.940Z INFO  14252    - fmwk.bll.base.dm     - LoadPluginInfo Model/stcAccessTest.processed.xml
2020-11-09T07:37:34.942Z INFO  14252    - fmwk.bll.base.dm     - LoadPluginInfo Model/stcAdmin.processed.xml
2020-11-09T07:37:34.942Z INFO  14252    - fmwk.bll.base.dm     - LoadPluginInfo Model/stcAncp.processed.xml
2020-11-09T07:37:34.944Z INFO  14252    - fmwk.bll.base.dm     - LoadPluginInfo Model/stcArp.processed.xml
2020-11-09T07:37:34.946Z INFO  14252    - fmwk.bll.base.dm     - LoadPluginInfo Model/stcAutosarTimeSync.processed.xml
2020-11-09T07:37:34.946Z INFO  14252    - fmwk.bll.base.dm     - LoadPluginInfo Model/stcAvbgen.processed.xml
2020-11-09T07:37:34.947Z INFO  14252    - fmwk.bll.base.dm     - LoadPluginInfo Model/stcBenchmarking.processed.xml
2020-11-09T07:37:34.967Z INFO  14252    - fmwk.bll.base.dm     - LoadPluginInfo Model/stcBfd.processed.xml
2020-11-09T07:37:34.970Z INFO  14252    - fmwk.bll.base.dm     - LoadPluginInfo Model/stcBgp.processed.xml
2020-11-09T07:37:34.991Z INFO  14252    - fmwk.bll.base.dm     - LoadPluginInfo Model/stcBmp.processed.xml
2020-11-09T07:37:34.991Z INFO  14252    - fmwk.bll.base.dm     - LoadPluginInfo Model/stcCapture.processed.xml
2020-11-09T07:37:34.994Z INFO  14252    - fmwk.bll.base.dm     - LoadPluginInfo Model/stcCars.processed.xml
2020-11-09T07:37:34.997Z INFO  14252    - fmwk.bll.base.dm     - LoadPluginInfo Model/stcChannel.processed.xml
2020-11-09T07:37:34.997Z INFO  14252    - fmwk.bll.base.dm     - LoadPluginInfo Model/stcCloudStress.processed.xml
2020-11-09T07:37:35.000Z INFO  14252    - fmwk.bll.base.dm     - LoadPluginInfo Model/stcCoap.processed.xml
2020-11-09T07:37:35.001Z INFO  14252    - fmwk.bll.base.dm     - LoadPluginInfo Model/stcContentCore.processed.xml
2020-11-09T07:37:35.002Z INFO  14252    - fmwk.bll.base.dm     - LoadPluginInfo Model/stcCore.processed.xml
2020-11-09T07:37:35.040Z INFO  14252    - fmwk.bll.base.dm     - LoadPluginInfo Model/stcCpTraffic.processed.xml
2020-11-09T07:37:35.041Z INFO  14252    - fmwk.bll.base.dm     - LoadPluginInfo Model/stcCsmp.processed.xml
2020-11-09T07:37:35.042Z INFO  14252    - fmwk.bll.base.dm     - LoadPluginInfo Model/stcCusp.processed.xml
2020-11-09T07:37:35.044Z INFO  14252    - fmwk.bll.base.dm     - LoadPluginInfo Model/stcCustom.processed.xml
2020-11-09T07:37:35.048Z INFO  14252    - fmwk.bll.base.dm     - LoadPluginInfo Model/stcDataCenter.processed.xml
2020-11-09T07:37:35.061Z INFO  14252    - fmwk.bll.base.dm     - LoadPluginInfo Model/stcDataCenterWizards.processed.xml
2020-11-09T07:37:35.069Z INFO  14252    - fmwk.bll.base.dm     - LoadPluginInfo Model/stcDcb.processed.xml
2020-11-09T07:37:35.075Z INFO  14252    - fmwk.bll.base.dm     - LoadPluginInfo Model/stcDeviceConfigurator.processed.xml
2020-11-09T07:37:35.079Z INFO  14252    - fmwk.bll.base.dm     - LoadPluginInfo Model/stcDhcpv4.processed.xml
2020-11-09T07:37:35.082Z INFO  14252    - fmwk.bll.base.dm     - LoadPluginInfo Model/stcDhcpv6.processed.xml
2020-11-09T07:37:35.088Z INFO  14252    - fmwk.bll.base.dm     - LoadPluginInfo Model/stcDot1x.processed.xml
2020-11-09T07:37:35.091Z INFO  14252    - fmwk.bll.base.dm     - LoadPluginInfo Model/stcEcpri.processed.xml
2020-11-09T07:37:35.092Z INFO  14252    - fmwk.bll.base.dm     - LoadPluginInfo Model/stcEnhancedL47.processed.xml
2020-11-09T07:37:35.095Z INFO  14252    - fmwk.bll.base.dm     - LoadPluginInfo Model/stcEoam.processed.xml
2020-11-09T07:37:35.104Z INFO  14252    - fmwk.bll.base.dm     - LoadPluginInfo Model/stcEvent.processed.xml
2020-11-09T07:37:35.105Z INFO  14252    - fmwk.bll.base.dm     - LoadPluginInfo Model/stcFc.processed.xml
2020-11-09T07:37:35.110Z INFO  14252    - fmwk.bll.base.dm     - LoadPluginInfo Model/stcFlexEOAM.processed.xml
2020-11-09T07:37:35.112Z INFO  14252    - fmwk.bll.base.dm     - LoadPluginInfo Model/stcFramework.processed.xml
2020-11-09T07:37:35.119Z INFO  14252    - fmwk.bll.base.dm     - LoadPluginInfo Model/stcIeee1588v2.processed.xml
2020-11-09T07:37:35.123Z INFO  14252    - fmwk.bll.base.dm     - LoadPluginInfo Model/stcIeee80211.processed.xml
2020-11-09T07:37:35.136Z INFO  14252    - fmwk.bll.base.dm     - LoadPluginInfo Model/stcIeee8021as.processed.xml
2020-11-09T07:37:35.139Z INFO  14252    - fmwk.bll.base.dm     - LoadPluginInfo Model/stcIgmpMld.processed.xml
2020-11-09T07:37:35.142Z INFO  14252    - fmwk.bll.base.dm     - LoadPluginInfo Model/stcIptv.processed.xml
2020-11-09T07:37:35.145Z INFO  14252    - fmwk.bll.base.dm     - LoadPluginInfo Model/stcIsis.processed.xml
2020-11-09T07:37:35.154Z INFO  14252    - fmwk.bll.base.dm     - LoadPluginInfo Model/stcL1.processed.xml
2020-11-09T07:37:35.157Z INFO  14252    - fmwk.bll.base.dm     - LoadPluginInfo Model/stcL2L3.processed.xml
2020-11-09T07:37:35.177Z INFO  14252    - fmwk.bll.base.dm     - LoadPluginInfo Model/stcL2tp.processed.xml
2020-11-09T07:37:35.181Z INFO  14252    - fmwk.bll.base.dm     - LoadPluginInfo Model/stcL4L7.processed.xml
2020-11-09T07:37:35.198Z INFO  14252    - fmwk.bll.base.dm     - LoadPluginInfo Model/stcLacp.processed.xml
2020-11-09T07:37:35.200Z INFO  14252    - fmwk.bll.base.dm     - LoadPluginInfo Model/stcLdp.processed.xml
2020-11-09T07:37:35.204Z INFO  14252    - fmwk.bll.base.dm     - LoadPluginInfo Model/stcLinkOam.processed.xml
2020-11-09T07:37:35.207Z INFO  14252    - fmwk.bll.base.dm     - LoadPluginInfo Model/stcLisp.processed.xml
2020-11-09T07:37:35.208Z INFO  14252    - fmwk.bll.base.dm     - LoadPluginInfo Model/stcLldp.processed.xml
2020-11-09T07:37:35.211Z INFO  14252    - fmwk.bll.base.dm     - LoadPluginInfo Model/stcLspPing.processed.xml
2020-11-09T07:37:35.214Z INFO  14252    - fmwk.bll.base.dm     - LoadPluginInfo Model/stcMcastCore.processed.xml
2020-11-09T07:37:35.214Z INFO  14252    - fmwk.bll.base.dm     - LoadPluginInfo Model/stcMplsTpOam.processed.xml
2020-11-09T07:37:35.220Z INFO  14252    - fmwk.bll.base.dm     - LoadPluginInfo Model/stcMsdp.processed.xml
2020-11-09T07:37:35.221Z INFO  14252    - fmwk.bll.base.dm     - LoadPluginInfo Model/stcMyProto.processed.xml
2020-11-09T07:37:35.222Z INFO  14252    - fmwk.bll.base.dm     - LoadPluginInfo Model/stcOspfv2.processed.xml
2020-11-09T07:37:35.227Z INFO  14252    - fmwk.bll.base.dm     - LoadPluginInfo Model/stcOspfv3.processed.xml
2020-11-09T07:37:35.232Z INFO  14252    - fmwk.bll.base.dm     - LoadPluginInfo Model/stcPbbWizard.processed.xml
2020-11-09T07:37:35.233Z INFO  14252    - fmwk.bll.base.dm     - LoadPluginInfo Model/stcPcep.processed.xml
2020-11-09T07:37:35.242Z INFO  14252    - fmwk.bll.base.dm     - LoadPluginInfo Model/stcPim.processed.xml
2020-11-09T07:37:35.244Z INFO  14252    - fmwk.bll.base.dm     - LoadPluginInfo Model/stcPppox.processed.xml
2020-11-09T07:37:35.250Z INFO  14252    - fmwk.bll.base.dm     - LoadPluginInfo Model/stcQosfwd.processed.xml
2020-11-09T07:37:35.250Z INFO  14252    - fmwk.bll.base.dm     - LoadPluginInfo Model/stcRadarEmulation.processed.xml
2020-11-09T07:37:35.252Z INFO  14252    - fmwk.bll.base.dm     - LoadPluginInfo Model/stcResponder.processed.xml
2020-11-09T07:37:35.253Z INFO  14252    - fmwk.bll.base.dm     - LoadPluginInfo Model/stcRip.processed.xml
2020-11-09T07:37:35.254Z INFO  14252    - fmwk.bll.base.dm     - LoadPluginInfo Model/stcRoE.processed.xml
2020-11-09T07:37:35.255Z INFO  14252    - fmwk.bll.base.dm     - LoadPluginInfo Model/stcRocev2.processed.xml
2020-11-09T07:37:35.257Z INFO  14252    - fmwk.bll.base.dm     - LoadPluginInfo Model/stcRoutingConvergence.processed.xml
2020-11-09T07:37:35.257Z INFO  14252    - fmwk.bll.base.dm     - LoadPluginInfo Model/stcRoutingCore.processed.xml
2020-11-09T07:37:35.267Z INFO  14252    - fmwk.bll.base.dm     - LoadPluginInfo Model/stcRoutingWizard.processed.xml
2020-11-09T07:37:35.274Z INFO  14252    - fmwk.bll.base.dm     - LoadPluginInfo Model/stcRsvp.processed.xml
2020-11-09T07:37:35.279Z INFO  14252    - fmwk.bll.base.dm     - LoadPluginInfo Model/stcSaa.processed.xml
2020-11-09T07:37:35.280Z INFO  14252    - fmwk.bll.base.dm     - LoadPluginInfo Model/stcServerManager.processed.xml
2020-11-09T07:37:35.281Z INFO  14252    - fmwk.bll.base.dm     - LoadPluginInfo Model/stcSpSdnWizard.processed.xml
2020-11-09T07:37:35.282Z INFO  14252    - fmwk.bll.base.dm     - LoadPluginInfo Model/stcSrp.processed.xml
2020-11-09T07:37:35.284Z INFO  14252    - fmwk.bll.base.dm     - LoadPluginInfo Model/stcStak.processed.xml
2020-11-09T07:37:35.284Z INFO  14252    - fmwk.bll.base.dm     - LoadPluginInfo Model/stcStorageIO.processed.xml
2020-11-09T07:37:35.285Z INFO  14252    - fmwk.bll.base.dm     - LoadPluginInfo Model/stcStp.processed.xml
2020-11-09T07:37:35.287Z INFO  14252    - fmwk.bll.base.dm     - LoadPluginInfo Model/stcSyncE.processed.xml
2020-11-09T07:37:35.289Z INFO  14252    - fmwk.bll.base.dm     - LoadPluginInfo Model/stcTrafficCore.processed.xml
2020-11-09T07:37:35.289Z INFO  14252    - fmwk.bll.base.dm     - LoadPluginInfo Model/stcTsnWizard.processed.xml
2020-11-09T07:37:35.291Z INFO  14252    - fmwk.bll.base.dm     - LoadPluginInfo Model/stcTtwbProxy.processed.xml
2020-11-09T07:37:35.291Z INFO  14252    - fmwk.bll.base.dm     - LoadPluginInfo Model/stcTwamp.processed.xml
2020-11-09T07:37:35.292Z INFO  14252    - fmwk.bll.base.dm     - LoadPluginInfo Model/stcV4v6transition.processed.xml
2020-11-09T07:37:35.293Z INFO  14252    - fmwk.bll.base.dm     - LoadPluginInfo Model/stcVepa.processed.xml
2020-11-09T07:37:35.295Z INFO  14252    - fmwk.bll.base.dm     - LoadPluginInfo Model/stcVic.processed.xml
2020-11-09T07:37:35.297Z INFO  14252    - fmwk.bll.base.dm     - LoadPluginInfo Model/stcVpn.processed.xml
2020-11-09T07:37:35.308Z INFO  14252    - fmwk.bll.base.dm     - LoadPluginInfo Model/stcVqana.processed.xml
2020-11-09T07:37:35.311Z INFO  14252    - fmwk.bll.base.dm     - LoadPluginInfo Model/stcWimax.processed.xml
2020-11-09T07:37:35.311Z INFO  14252    - fmwk.bll.base.dm     - ActivatePluginDataModel core
2020-11-09T07:37:35.313Z INFO  14252    - fmwk.bll.base.dm     - ActivatePluginDataModel framework
2020-11-09T07:37:35.340Z INFO  14252    - fmwk.bll.base.dm     - ActivatedPluginDataModel framework
2020-11-09T07:37:35.497Z INFO  14252    - fmwk.bll.base.dm     - ActivatedPluginDataModel core
